h:\pro\protobuf-2.6.1\vsprojects\x64\release\libprotobuf-lite.pdb
h:\pro\protobuf-2.6.1\vsprojects\x64\release\wire_format_lite.obj
h:\pro\protobuf-2.6.1\vsprojects\x64\release\stringprintf.obj
h:\pro\protobuf-2.6.1\vsprojects\x64\release\once.obj
h:\pro\protobuf-2.6.1\vsprojects\x64\release\common.obj
h:\pro\protobuf-2.6.1\vsprojects\x64\release\atomicops_internals_x86_msvc.obj
h:\pro\protobuf-2.6.1\vsprojects\x64\release\repeated_field.obj
h:\pro\protobuf-2.6.1\vsprojects\x64\release\message_lite.obj
h:\pro\protobuf-2.6.1\vsprojects\x64\release\zero_copy_stream_impl_lite.obj
h:\pro\protobuf-2.6.1\vsprojects\x64\release\zero_copy_stream.obj
h:\pro\protobuf-2.6.1\vsprojects\x64\release\coded_stream.obj
h:\pro\protobuf-2.6.1\vsprojects\x64\release\generated_message_util.obj
h:\pro\protobuf-2.6.1\vsprojects\x64\release\extension_set.obj
h:\pro\protobuf-2.6.1\vsprojects\x64\release\libprotobuf-lite.lib
h:\pro\protobuf-2.6.1\vsprojects\x64\release\main.obj
h:\pro\protobuf-2.6.1\vsprojects\x64\release\protoc.pdb
h:\pro\protobuf-2.6.1\vsprojects\x64\release\vc140.pdb
h:\pro\protobuf-2.6.1\vsprojects\x64\release\libprotobuf-lite.tlog\cl.command.1.tlog
h:\pro\protobuf-2.6.1\vsprojects\x64\release\libprotobuf-lite.tlog\cl.read.1.tlog
h:\pro\protobuf-2.6.1\vsprojects\x64\release\libprotobuf-lite.tlog\cl.write.1.tlog
h:\pro\protobuf-2.6.1\vsprojects\x64\release\libprotobuf-lite.tlog\lib-link.read.1.tlog
h:\pro\protobuf-2.6.1\vsprojects\x64\release\libprotobuf-lite.tlog\lib-link.write.1.tlog
h:\pro\protobuf-2.6.1\vsprojects\x64\release\libprotobuf-lite.tlog\lib.command.1.tlog
