h:\pro\protobuf-2.6.1\vsprojects\x64\release\libprotoc.pdb
h:\pro\protobuf-2.6.1\vsprojects\x64\release\java_field.obj
h:\pro\protobuf-2.6.1\vsprojects\x64\release\java_extension.obj
h:\pro\protobuf-2.6.1\vsprojects\x64\release\java_enum_field.obj
h:\pro\protobuf-2.6.1\vsprojects\x64\release\java_enum.obj
h:\pro\protobuf-2.6.1\vsprojects\x64\release\java_doc_comment.obj
h:\pro\protobuf-2.6.1\vsprojects\x64\release\java_context.obj
h:\pro\protobuf-2.6.1\vsprojects\x64\release\cpp_string_field.obj
h:\pro\protobuf-2.6.1\vsprojects\x64\release\cpp_service.obj
h:\pro\protobuf-2.6.1\vsprojects\x64\release\cpp_primitive_field.obj
h:\pro\protobuf-2.6.1\vsprojects\x64\release\cpp_message_field.obj
h:\pro\protobuf-2.6.1\vsprojects\x64\release\cpp_message.obj
h:\pro\protobuf-2.6.1\vsprojects\x64\release\cpp_helpers.obj
h:\pro\protobuf-2.6.1\vsprojects\x64\release\cpp_generator.obj
h:\pro\protobuf-2.6.1\vsprojects\x64\release\cpp_file.obj
h:\pro\protobuf-2.6.1\vsprojects\x64\release\cpp_field.obj
h:\pro\protobuf-2.6.1\vsprojects\x64\release\cpp_extension.obj
h:\pro\protobuf-2.6.1\vsprojects\x64\release\cpp_enum_field.obj
h:\pro\protobuf-2.6.1\vsprojects\x64\release\cpp_enum.obj
h:\pro\protobuf-2.6.1\vsprojects\x64\release\command_line_interface.obj
h:\pro\protobuf-2.6.1\vsprojects\x64\release\code_generator.obj
h:\pro\protobuf-2.6.1\vsprojects\x64\release\zip_writer.obj
h:\pro\protobuf-2.6.1\vsprojects\x64\release\subprocess.obj
h:\pro\protobuf-2.6.1\vsprojects\x64\release\python_generator.obj
h:\pro\protobuf-2.6.1\vsprojects\x64\release\plugin.pb.obj
h:\pro\protobuf-2.6.1\vsprojects\x64\release\plugin.obj
h:\pro\protobuf-2.6.1\vsprojects\x64\release\java_string_field.obj
h:\pro\protobuf-2.6.1\vsprojects\x64\release\java_shared_code_generator.obj
h:\pro\protobuf-2.6.1\vsprojects\x64\release\java_service.obj
h:\pro\protobuf-2.6.1\vsprojects\x64\release\java_primitive_field.obj
h:\pro\protobuf-2.6.1\vsprojects\x64\release\java_name_resolver.obj
h:\pro\protobuf-2.6.1\vsprojects\x64\release\java_message_field.obj
h:\pro\protobuf-2.6.1\vsprojects\x64\release\java_message.obj
h:\pro\protobuf-2.6.1\vsprojects\x64\release\java_lazy_message_field.obj
h:\pro\protobuf-2.6.1\vsprojects\x64\release\java_helpers.obj
h:\pro\protobuf-2.6.1\vsprojects\x64\release\java_generator_factory.obj
h:\pro\protobuf-2.6.1\vsprojects\x64\release\java_generator.obj
h:\pro\protobuf-2.6.1\vsprojects\x64\release\java_file.obj
h:\pro\protobuf-2.6.1\vsprojects\x64\release\libprotoc.lib
h:\pro\protobuf-2.6.1\vsprojects\x64\release\atomicops_internals_x86_msvc.obj
h:\pro\protobuf-2.6.1\vsprojects\x64\release\coded_stream.obj
h:\pro\protobuf-2.6.1\vsprojects\x64\release\common.obj
h:\pro\protobuf-2.6.1\vsprojects\x64\release\descriptor.obj
h:\pro\protobuf-2.6.1\vsprojects\x64\release\descriptor.pb.obj
h:\pro\protobuf-2.6.1\vsprojects\x64\release\descriptor_database.obj
h:\pro\protobuf-2.6.1\vsprojects\x64\release\dynamic_message.obj
h:\pro\protobuf-2.6.1\vsprojects\x64\release\extension_set.obj
h:\pro\protobuf-2.6.1\vsprojects\x64\release\extension_set_heavy.obj
h:\pro\protobuf-2.6.1\vsprojects\x64\release\generated_message_reflection.obj
h:\pro\protobuf-2.6.1\vsprojects\x64\release\generated_message_util.obj
h:\pro\protobuf-2.6.1\vsprojects\x64\release\gzip_stream.obj
h:\pro\protobuf-2.6.1\vsprojects\x64\release\importer.obj
h:\pro\protobuf-2.6.1\vsprojects\x64\release\message.obj
h:\pro\protobuf-2.6.1\vsprojects\x64\release\message_lite.obj
h:\pro\protobuf-2.6.1\vsprojects\x64\release\once.obj
h:\pro\protobuf-2.6.1\vsprojects\x64\release\parser.obj
h:\pro\protobuf-2.6.1\vsprojects\x64\release\printer.obj
h:\pro\protobuf-2.6.1\vsprojects\x64\release\reflection_ops.obj
h:\pro\protobuf-2.6.1\vsprojects\x64\release\repeated_field.obj
h:\pro\protobuf-2.6.1\vsprojects\x64\release\service.obj
h:\pro\protobuf-2.6.1\vsprojects\x64\release\stringprintf.obj
h:\pro\protobuf-2.6.1\vsprojects\x64\release\strtod.obj
h:\pro\protobuf-2.6.1\vsprojects\x64\release\structurally_valid.obj
h:\pro\protobuf-2.6.1\vsprojects\x64\release\strutil.obj
h:\pro\protobuf-2.6.1\vsprojects\x64\release\substitute.obj
h:\pro\protobuf-2.6.1\vsprojects\x64\release\text_format.obj
h:\pro\protobuf-2.6.1\vsprojects\x64\release\tokenizer.obj
h:\pro\protobuf-2.6.1\vsprojects\x64\release\unknown_field_set.obj
h:\pro\protobuf-2.6.1\vsprojects\x64\release\wire_format.obj
h:\pro\protobuf-2.6.1\vsprojects\x64\release\wire_format_lite.obj
h:\pro\protobuf-2.6.1\vsprojects\x64\release\zero_copy_stream.obj
h:\pro\protobuf-2.6.1\vsprojects\x64\release\zero_copy_stream_impl.obj
h:\pro\protobuf-2.6.1\vsprojects\x64\release\zero_copy_stream_impl_lite.obj
h:\pro\protobuf-2.6.1\vsprojects\x64\release\libprotobuf-lite.pdb
h:\pro\protobuf-2.6.1\vsprojects\x64\release\libprotobuf.pdb
h:\pro\protobuf-2.6.1\vsprojects\x64\release\libprotoc.tlog\cl.command.1.tlog
h:\pro\protobuf-2.6.1\vsprojects\x64\release\libprotoc.tlog\cl.read.1.tlog
h:\pro\protobuf-2.6.1\vsprojects\x64\release\libprotoc.tlog\cl.write.1.tlog
h:\pro\protobuf-2.6.1\vsprojects\x64\release\libprotoc.tlog\lib-link.read.1.tlog
h:\pro\protobuf-2.6.1\vsprojects\x64\release\libprotoc.tlog\lib-link.write.1.tlog
h:\pro\protobuf-2.6.1\vsprojects\x64\release\libprotoc.tlog\lib.command.1.tlog
