h:\pro\protobuf-2.6.1\vsprojects\x64\release\vc140.pdb
h:\pro\protobuf-2.6.1\vsprojects\x64\release\main.obj
h:\pro\protobuf-2.6.1\vsprojects\x64\release\protoc.exe
h:\pro\protobuf-2.6.1\vsprojects\x64\release\protoc.pdb
h:\pro\protobuf-2.6.1\vsprojects\x64\release\code_generator.obj
h:\pro\protobuf-2.6.1\vsprojects\x64\release\command_line_interface.obj
h:\pro\protobuf-2.6.1\vsprojects\x64\release\cpp_enum.obj
h:\pro\protobuf-2.6.1\vsprojects\x64\release\cpp_enum_field.obj
h:\pro\protobuf-2.6.1\vsprojects\x64\release\cpp_extension.obj
h:\pro\protobuf-2.6.1\vsprojects\x64\release\cpp_field.obj
h:\pro\protobuf-2.6.1\vsprojects\x64\release\cpp_file.obj
h:\pro\protobuf-2.6.1\vsprojects\x64\release\cpp_generator.obj
h:\pro\protobuf-2.6.1\vsprojects\x64\release\cpp_helpers.obj
h:\pro\protobuf-2.6.1\vsprojects\x64\release\cpp_message.obj
h:\pro\protobuf-2.6.1\vsprojects\x64\release\cpp_message_field.obj
h:\pro\protobuf-2.6.1\vsprojects\x64\release\cpp_primitive_field.obj
h:\pro\protobuf-2.6.1\vsprojects\x64\release\cpp_service.obj
h:\pro\protobuf-2.6.1\vsprojects\x64\release\cpp_string_field.obj
h:\pro\protobuf-2.6.1\vsprojects\x64\release\java_context.obj
h:\pro\protobuf-2.6.1\vsprojects\x64\release\java_doc_comment.obj
h:\pro\protobuf-2.6.1\vsprojects\x64\release\java_enum.obj
h:\pro\protobuf-2.6.1\vsprojects\x64\release\java_enum_field.obj
h:\pro\protobuf-2.6.1\vsprojects\x64\release\java_extension.obj
h:\pro\protobuf-2.6.1\vsprojects\x64\release\java_field.obj
h:\pro\protobuf-2.6.1\vsprojects\x64\release\java_file.obj
h:\pro\protobuf-2.6.1\vsprojects\x64\release\java_generator.obj
h:\pro\protobuf-2.6.1\vsprojects\x64\release\java_generator_factory.obj
h:\pro\protobuf-2.6.1\vsprojects\x64\release\java_helpers.obj
h:\pro\protobuf-2.6.1\vsprojects\x64\release\java_lazy_message_field.obj
h:\pro\protobuf-2.6.1\vsprojects\x64\release\java_message.obj
h:\pro\protobuf-2.6.1\vsprojects\x64\release\java_message_field.obj
h:\pro\protobuf-2.6.1\vsprojects\x64\release\java_name_resolver.obj
h:\pro\protobuf-2.6.1\vsprojects\x64\release\java_primitive_field.obj
h:\pro\protobuf-2.6.1\vsprojects\x64\release\java_service.obj
h:\pro\protobuf-2.6.1\vsprojects\x64\release\java_shared_code_generator.obj
h:\pro\protobuf-2.6.1\vsprojects\x64\release\java_string_field.obj
h:\pro\protobuf-2.6.1\vsprojects\x64\release\plugin.obj
h:\pro\protobuf-2.6.1\vsprojects\x64\release\plugin.pb.obj
h:\pro\protobuf-2.6.1\vsprojects\x64\release\python_generator.obj
h:\pro\protobuf-2.6.1\vsprojects\x64\release\subprocess.obj
h:\pro\protobuf-2.6.1\vsprojects\x64\release\zip_writer.obj
h:\pro\protobuf-2.6.1\vsprojects\x64\release\libprotoc.pdb
h:\pro\protobuf-2.6.1\vsprojects\x64\release\protoc.tlog\cl.command.1.tlog
h:\pro\protobuf-2.6.1\vsprojects\x64\release\protoc.tlog\cl.read.1.tlog
h:\pro\protobuf-2.6.1\vsprojects\x64\release\protoc.tlog\cl.write.1.tlog
h:\pro\protobuf-2.6.1\vsprojects\x64\release\protoc.tlog\link.command.1.tlog
h:\pro\protobuf-2.6.1\vsprojects\x64\release\protoc.tlog\link.read.1.tlog
h:\pro\protobuf-2.6.1\vsprojects\x64\release\protoc.tlog\link.write.1.tlog
