h:\pro\protobuf-2.6.1\vsprojects\release\libprotobuf-lite.pdb
h:\pro\protobuf-2.6.1\vsprojects\release\wire_format_lite.obj
h:\pro\protobuf-2.6.1\vsprojects\release\stringprintf.obj
h:\pro\protobuf-2.6.1\vsprojects\release\once.obj
h:\pro\protobuf-2.6.1\vsprojects\release\common.obj
h:\pro\protobuf-2.6.1\vsprojects\release\atomicops_internals_x86_msvc.obj
h:\pro\protobuf-2.6.1\vsprojects\release\repeated_field.obj
h:\pro\protobuf-2.6.1\vsprojects\release\message_lite.obj
h:\pro\protobuf-2.6.1\vsprojects\release\zero_copy_stream_impl_lite.obj
h:\pro\protobuf-2.6.1\vsprojects\release\zero_copy_stream.obj
h:\pro\protobuf-2.6.1\vsprojects\release\coded_stream.obj
h:\pro\protobuf-2.6.1\vsprojects\release\generated_message_util.obj
h:\pro\protobuf-2.6.1\vsprojects\release\extension_set.obj
h:\pro\protobuf-2.6.1\vsprojects\release\libprotobuf-lite.lib
h:\pro\protobuf-2.6.1\vsprojects\release\cpp_message.obj
h:\pro\protobuf-2.6.1\vsprojects\release\cpp_message_field.obj
h:\pro\protobuf-2.6.1\vsprojects\release\cpp_primitive_field.obj
h:\pro\protobuf-2.6.1\vsprojects\release\cpp_service.obj
h:\pro\protobuf-2.6.1\vsprojects\release\cpp_string_field.obj
h:\pro\protobuf-2.6.1\vsprojects\release\descriptor_database_unittest.obj
h:\pro\protobuf-2.6.1\vsprojects\release\file.obj
h:\pro\protobuf-2.6.1\vsprojects\release\googletest.obj
h:\pro\protobuf-2.6.1\vsprojects\release\java_context.obj
h:\pro\protobuf-2.6.1\vsprojects\release\java_doc_comment.obj
h:\pro\protobuf-2.6.1\vsprojects\release\java_enum.obj
h:\pro\protobuf-2.6.1\vsprojects\release\java_enum_field.obj
h:\pro\protobuf-2.6.1\vsprojects\release\java_extension.obj
h:\pro\protobuf-2.6.1\vsprojects\release\java_field.obj
h:\pro\protobuf-2.6.1\vsprojects\release\java_file.obj
h:\pro\protobuf-2.6.1\vsprojects\release\java_generator.obj
h:\pro\protobuf-2.6.1\vsprojects\release\java_generator_factory.obj
h:\pro\protobuf-2.6.1\vsprojects\release\java_helpers.obj
h:\pro\protobuf-2.6.1\vsprojects\release\java_lazy_message_field.obj
h:\pro\protobuf-2.6.1\vsprojects\release\java_message.obj
h:\pro\protobuf-2.6.1\vsprojects\release\java_message_field.obj
h:\pro\protobuf-2.6.1\vsprojects\release\java_name_resolver.obj
h:\pro\protobuf-2.6.1\vsprojects\release\java_primitive_field.obj
h:\pro\protobuf-2.6.1\vsprojects\release\java_service.obj
h:\pro\protobuf-2.6.1\vsprojects\release\java_shared_code_generator.obj
h:\pro\protobuf-2.6.1\vsprojects\release\java_string_field.obj
h:\pro\protobuf-2.6.1\vsprojects\release\main.obj
h:\pro\protobuf-2.6.1\vsprojects\release\once_unittest.obj
h:\pro\protobuf-2.6.1\vsprojects\release\plugin.obj
h:\pro\protobuf-2.6.1\vsprojects\release\plugin.pb.obj
h:\pro\protobuf-2.6.1\vsprojects\release\printer_unittest.obj
h:\pro\protobuf-2.6.1\vsprojects\release\python_generator.obj
h:\pro\protobuf-2.6.1\vsprojects\release\python_plugin_unittest.obj
h:\pro\protobuf-2.6.1\vsprojects\release\stringprintf_unittest.obj
h:\pro\protobuf-2.6.1\vsprojects\release\structurally_valid_unittest.obj
h:\pro\protobuf-2.6.1\vsprojects\release\strutil_unittest.obj
h:\pro\protobuf-2.6.1\vsprojects\release\subprocess.obj
h:\pro\protobuf-2.6.1\vsprojects\release\template_util_unittest.obj
h:\pro\protobuf-2.6.1\vsprojects\release\tokenizer_unittest.obj
h:\pro\protobuf-2.6.1\vsprojects\release\type_traits_unittest.obj
h:\pro\protobuf-2.6.1\vsprojects\release\zero_copy_stream_unittest.obj
h:\pro\protobuf-2.6.1\vsprojects\release\zip_writer.obj
h:\pro\protobuf-2.6.1\vsprojects\release\libprotoc.pdb
h:\pro\protobuf-2.6.1\vsprojects\release\protoc.pdb
h:\pro\protobuf-2.6.1\vsprojects\release\vc140.pdb
h:\pro\protobuf-2.6.1\vsprojects\release\libprotobuf-lite.tlog\cl.command.1.tlog
h:\pro\protobuf-2.6.1\vsprojects\release\libprotobuf-lite.tlog\cl.read.1.tlog
h:\pro\protobuf-2.6.1\vsprojects\release\libprotobuf-lite.tlog\cl.write.1.tlog
h:\pro\protobuf-2.6.1\vsprojects\release\libprotobuf-lite.tlog\lib-link.read.1.tlog
h:\pro\protobuf-2.6.1\vsprojects\release\libprotobuf-lite.tlog\lib-link.write.1.tlog
h:\pro\protobuf-2.6.1\vsprojects\release\libprotobuf-lite.tlog\lib.command.1.tlog
