C:\Program Files (x86)\MSBuild\Microsoft.Cpp\v4.0\V140\Microsoft.CppBuild.targets(392,5): warning MSB8028: The intermediate directory (Release\) contains files shared from another project (libprotobuf-lite.vcxproj, libprotobuf.vcxproj, libprotoc.vcxproj, lite-test.vcxproj, tests.vcxproj, test_plugin.vcxproj).  This can lead to incorrect clean and rebuild behavior.
  main.cc
LINK : warning LNK4075: ignoring '/INCREMENTAL' due to '/OPT:ICF' specification
libprotobuf.lib(importer.obj) : warning LNK4099: PDB 'libprotobuf.pdb' was not found with 'libprotobuf.lib(importer.obj)' or at 'H:\Pro\protobuf-2.6.1\vsprojects\Release\libprotobuf.pdb'; linking object as if no debug info
libprotobuf.lib(parser.obj) : warning LNK4099: PDB 'libprotobuf.pdb' was not found with 'libprotobuf.lib(parser.obj)' or at 'H:\Pro\protobuf-2.6.1\vsprojects\Release\libprotobuf.pdb'; linking object as if no debug info
libprotobuf.lib(descriptor.obj) : warning LNK4099: PDB 'libprotobuf.pdb' was not found with 'libprotobuf.lib(descriptor.obj)' or at 'H:\Pro\protobuf-2.6.1\vsprojects\Release\libprotobuf.pdb'; linking object as if no debug info
libprotobuf.lib(descriptor.pb.obj) : warning LNK4099: PDB 'libprotobuf.pdb' was not found with 'libprotobuf.lib(descriptor.pb.obj)' or at 'H:\Pro\protobuf-2.6.1\vsprojects\Release\libprotobuf.pdb'; linking object as if no debug info
libprotobuf.lib(descriptor_database.obj) : warning LNK4099: PDB 'libprotobuf.pdb' was not found with 'libprotobuf.lib(descriptor_database.obj)' or at 'H:\Pro\protobuf-2.6.1\vsprojects\Release\libprotobuf.pdb'; linking object as if no debug info
libprotobuf.lib(dynamic_message.obj) : warning LNK4099: PDB 'libprotobuf.pdb' was not found with 'libprotobuf.lib(dynamic_message.obj)' or at 'H:\Pro\protobuf-2.6.1\vsprojects\Release\libprotobuf.pdb'; linking object as if no debug info
libprotobuf.lib(extension_set.obj) : warning LNK4099: PDB 'libprotobuf.pdb' was not found with 'libprotobuf.lib(extension_set.obj)' or at 'H:\Pro\protobuf-2.6.1\vsprojects\Release\libprotobuf.pdb'; linking object as if no debug info
libprotobuf.lib(extension_set_heavy.obj) : warning LNK4099: PDB 'libprotobuf.pdb' was not found with 'libprotobuf.lib(extension_set_heavy.obj)' or at 'H:\Pro\protobuf-2.6.1\vsprojects\Release\libprotobuf.pdb'; linking object as if no debug info
libprotobuf.lib(generated_message_reflection.obj) : warning LNK4099: PDB 'libprotobuf.pdb' was not found with 'libprotobuf.lib(generated_message_reflection.obj)' or at 'H:\Pro\protobuf-2.6.1\vsprojects\Release\libprotobuf.pdb'; linking object as if no debug info
libprotobuf.lib(generated_message_util.obj) : warning LNK4099: PDB 'libprotobuf.pdb' was not found with 'libprotobuf.lib(generated_message_util.obj)' or at 'H:\Pro\protobuf-2.6.1\vsprojects\Release\libprotobuf.pdb'; linking object as if no debug info
libprotobuf.lib(coded_stream.obj) : warning LNK4099: PDB 'libprotobuf.pdb' was not found with 'libprotobuf.lib(coded_stream.obj)' or at 'H:\Pro\protobuf-2.6.1\vsprojects\Release\libprotobuf.pdb'; linking object as if no debug info
libprotobuf.lib(printer.obj) : warning LNK4099: PDB 'libprotobuf.pdb' was not found with 'libprotobuf.lib(printer.obj)' or at 'H:\Pro\protobuf-2.6.1\vsprojects\Release\libprotobuf.pdb'; linking object as if no debug info
libprotobuf.lib(strtod.obj) : warning LNK4099: PDB 'libprotobuf.pdb' was not found with 'libprotobuf.lib(strtod.obj)' or at 'H:\Pro\protobuf-2.6.1\vsprojects\Release\libprotobuf.pdb'; linking object as if no debug info
libprotobuf.lib(tokenizer.obj) : warning LNK4099: PDB 'libprotobuf.pdb' was not found with 'libprotobuf.lib(tokenizer.obj)' or at 'H:\Pro\protobuf-2.6.1\vsprojects\Release\libprotobuf.pdb'; linking object as if no debug info
libprotobuf.lib(zero_copy_stream.obj) : warning LNK4099: PDB 'libprotobuf.pdb' was not found with 'libprotobuf.lib(zero_copy_stream.obj)' or at 'H:\Pro\protobuf-2.6.1\vsprojects\Release\libprotobuf.pdb'; linking object as if no debug info
libprotobuf.lib(zero_copy_stream_impl.obj) : warning LNK4099: PDB 'libprotobuf.pdb' was not found with 'libprotobuf.lib(zero_copy_stream_impl.obj)' or at 'H:\Pro\protobuf-2.6.1\vsprojects\Release\libprotobuf.pdb'; linking object as if no debug info
libprotobuf.lib(zero_copy_stream_impl_lite.obj) : warning LNK4099: PDB 'libprotobuf.pdb' was not found with 'libprotobuf.lib(zero_copy_stream_impl_lite.obj)' or at 'H:\Pro\protobuf-2.6.1\vsprojects\Release\libprotobuf.pdb'; linking object as if no debug info
libprotobuf.lib(message.obj) : warning LNK4099: PDB 'libprotobuf.pdb' was not found with 'libprotobuf.lib(message.obj)' or at 'H:\Pro\protobuf-2.6.1\vsprojects\Release\libprotobuf.pdb'; linking object as if no debug info
libprotobuf.lib(message_lite.obj) : warning LNK4099: PDB 'libprotobuf.pdb' was not found with 'libprotobuf.lib(message_lite.obj)' or at 'H:\Pro\protobuf-2.6.1\vsprojects\Release\libprotobuf.pdb'; linking object as if no debug info
libprotobuf.lib(reflection_ops.obj) : warning LNK4099: PDB 'libprotobuf.pdb' was not found with 'libprotobuf.lib(reflection_ops.obj)' or at 'H:\Pro\protobuf-2.6.1\vsprojects\Release\libprotobuf.pdb'; linking object as if no debug info
libprotobuf.lib(repeated_field.obj) : warning LNK4099: PDB 'libprotobuf.pdb' was not found with 'libprotobuf.lib(repeated_field.obj)' or at 'H:\Pro\protobuf-2.6.1\vsprojects\Release\libprotobuf.pdb'; linking object as if no debug info
libprotobuf.lib(atomicops_internals_x86_msvc.obj) : warning LNK4099: PDB 'libprotobuf.pdb' was not found with 'libprotobuf.lib(atomicops_internals_x86_msvc.obj)' or at 'H:\Pro\protobuf-2.6.1\vsprojects\Release\libprotobuf.pdb'; linking object as if no debug info
libprotobuf.lib(common.obj) : warning LNK4099: PDB 'libprotobuf.pdb' was not found with 'libprotobuf.lib(common.obj)' or at 'H:\Pro\protobuf-2.6.1\vsprojects\Release\libprotobuf.pdb'; linking object as if no debug info
libprotobuf.lib(once.obj) : warning LNK4099: PDB 'libprotobuf.pdb' was not found with 'libprotobuf.lib(once.obj)' or at 'H:\Pro\protobuf-2.6.1\vsprojects\Release\libprotobuf.pdb'; linking object as if no debug info
libprotobuf.lib(stringprintf.obj) : warning LNK4099: PDB 'libprotobuf.pdb' was not found with 'libprotobuf.lib(stringprintf.obj)' or at 'H:\Pro\protobuf-2.6.1\vsprojects\Release\libprotobuf.pdb'; linking object as if no debug info
libprotobuf.lib(structurally_valid.obj) : warning LNK4099: PDB 'libprotobuf.pdb' was not found with 'libprotobuf.lib(structurally_valid.obj)' or at 'H:\Pro\protobuf-2.6.1\vsprojects\Release\libprotobuf.pdb'; linking object as if no debug info
libprotobuf.lib(strutil.obj) : warning LNK4099: PDB 'libprotobuf.pdb' was not found with 'libprotobuf.lib(strutil.obj)' or at 'H:\Pro\protobuf-2.6.1\vsprojects\Release\libprotobuf.pdb'; linking object as if no debug info
libprotobuf.lib(substitute.obj) : warning LNK4099: PDB 'libprotobuf.pdb' was not found with 'libprotobuf.lib(substitute.obj)' or at 'H:\Pro\protobuf-2.6.1\vsprojects\Release\libprotobuf.pdb'; linking object as if no debug info
libprotobuf.lib(text_format.obj) : warning LNK4099: PDB 'libprotobuf.pdb' was not found with 'libprotobuf.lib(text_format.obj)' or at 'H:\Pro\protobuf-2.6.1\vsprojects\Release\libprotobuf.pdb'; linking object as if no debug info
libprotobuf.lib(unknown_field_set.obj) : warning LNK4099: PDB 'libprotobuf.pdb' was not found with 'libprotobuf.lib(unknown_field_set.obj)' or at 'H:\Pro\protobuf-2.6.1\vsprojects\Release\libprotobuf.pdb'; linking object as if no debug info
libprotobuf.lib(wire_format.obj) : warning LNK4099: PDB 'libprotobuf.pdb' was not found with 'libprotobuf.lib(wire_format.obj)' or at 'H:\Pro\protobuf-2.6.1\vsprojects\Release\libprotobuf.pdb'; linking object as if no debug info
libprotobuf.lib(wire_format_lite.obj) : warning LNK4099: PDB 'libprotobuf.pdb' was not found with 'libprotobuf.lib(wire_format_lite.obj)' or at 'H:\Pro\protobuf-2.6.1\vsprojects\Release\libprotobuf.pdb'; linking object as if no debug info
libprotoc.lib(code_generator.obj) : warning LNK4099: PDB 'libprotoc.pdb' was not found with 'libprotoc.lib(code_generator.obj)' or at 'H:\Pro\protobuf-2.6.1\vsprojects\Release\libprotoc.pdb'; linking object as if no debug info
libprotoc.lib(command_line_interface.obj) : warning LNK4099: PDB 'libprotoc.pdb' was not found with 'libprotoc.lib(command_line_interface.obj)' or at 'H:\Pro\protobuf-2.6.1\vsprojects\Release\libprotoc.pdb'; linking object as if no debug info
libprotoc.lib(cpp_enum.obj) : warning LNK4099: PDB 'libprotoc.pdb' was not found with 'libprotoc.lib(cpp_enum.obj)' or at 'H:\Pro\protobuf-2.6.1\vsprojects\Release\libprotoc.pdb'; linking object as if no debug info
libprotoc.lib(cpp_enum_field.obj) : warning LNK4099: PDB 'libprotoc.pdb' was not found with 'libprotoc.lib(cpp_enum_field.obj)' or at 'H:\Pro\protobuf-2.6.1\vsprojects\Release\libprotoc.pdb'; linking object as if no debug info
libprotoc.lib(cpp_extension.obj) : warning LNK4099: PDB 'libprotoc.pdb' was not found with 'libprotoc.lib(cpp_extension.obj)' or at 'H:\Pro\protobuf-2.6.1\vsprojects\Release\libprotoc.pdb'; linking object as if no debug info
libprotoc.lib(cpp_field.obj) : warning LNK4099: PDB 'libprotoc.pdb' was not found with 'libprotoc.lib(cpp_field.obj)' or at 'H:\Pro\protobuf-2.6.1\vsprojects\Release\libprotoc.pdb'; linking object as if no debug info
libprotoc.lib(cpp_file.obj) : warning LNK4099: PDB 'libprotoc.pdb' was not found with 'libprotoc.lib(cpp_file.obj)' or at 'H:\Pro\protobuf-2.6.1\vsprojects\Release\libprotoc.pdb'; linking object as if no debug info
libprotoc.lib(cpp_generator.obj) : warning LNK4099: PDB 'libprotoc.pdb' was not found with 'libprotoc.lib(cpp_generator.obj)' or at 'H:\Pro\protobuf-2.6.1\vsprojects\Release\libprotoc.pdb'; linking object as if no debug info
libprotoc.lib(cpp_helpers.obj) : warning LNK4099: PDB 'libprotoc.pdb' was not found with 'libprotoc.lib(cpp_helpers.obj)' or at 'H:\Pro\protobuf-2.6.1\vsprojects\Release\libprotoc.pdb'; linking object as if no debug info
libprotoc.lib(cpp_message.obj) : warning LNK4099: PDB 'libprotoc.pdb' was not found with 'libprotoc.lib(cpp_message.obj)' or at 'H:\Pro\protobuf-2.6.1\vsprojects\Release\libprotoc.pdb'; linking object as if no debug info
libprotoc.lib(cpp_message_field.obj) : warning LNK4099: PDB 'libprotoc.pdb' was not found with 'libprotoc.lib(cpp_message_field.obj)' or at 'H:\Pro\protobuf-2.6.1\vsprojects\Release\libprotoc.pdb'; linking object as if no debug info
libprotoc.lib(cpp_primitive_field.obj) : warning LNK4099: PDB 'libprotoc.pdb' was not found with 'libprotoc.lib(cpp_primitive_field.obj)' or at 'H:\Pro\protobuf-2.6.1\vsprojects\Release\libprotoc.pdb'; linking object as if no debug info
libprotoc.lib(cpp_service.obj) : warning LNK4099: PDB 'libprotoc.pdb' was not found with 'libprotoc.lib(cpp_service.obj)' or at 'H:\Pro\protobuf-2.6.1\vsprojects\Release\libprotoc.pdb'; linking object as if no debug info
libprotoc.lib(cpp_string_field.obj) : warning LNK4099: PDB 'libprotoc.pdb' was not found with 'libprotoc.lib(cpp_string_field.obj)' or at 'H:\Pro\protobuf-2.6.1\vsprojects\Release\libprotoc.pdb'; linking object as if no debug info
libprotoc.lib(java_context.obj) : warning LNK4099: PDB 'libprotoc.pdb' was not found with 'libprotoc.lib(java_context.obj)' or at 'H:\Pro\protobuf-2.6.1\vsprojects\Release\libprotoc.pdb'; linking object as if no debug info
libprotoc.lib(java_doc_comment.obj) : warning LNK4099: PDB 'libprotoc.pdb' was not found with 'libprotoc.lib(java_doc_comment.obj)' or at 'H:\Pro\protobuf-2.6.1\vsprojects\Release\libprotoc.pdb'; linking object as if no debug info
libprotoc.lib(java_enum.obj) : warning LNK4099: PDB 'libprotoc.pdb' was not found with 'libprotoc.lib(java_enum.obj)' or at 'H:\Pro\protobuf-2.6.1\vsprojects\Release\libprotoc.pdb'; linking object as if no debug info
libprotoc.lib(java_enum_field.obj) : warning LNK4099: PDB 'libprotoc.pdb' was not found with 'libprotoc.lib(java_enum_field.obj)' or at 'H:\Pro\protobuf-2.6.1\vsprojects\Release\libprotoc.pdb'; linking object as if no debug info
libprotoc.lib(java_extension.obj) : warning LNK4099: PDB 'libprotoc.pdb' was not found with 'libprotoc.lib(java_extension.obj)' or at 'H:\Pro\protobuf-2.6.1\vsprojects\Release\libprotoc.pdb'; linking object as if no debug info
libprotoc.lib(java_field.obj) : warning LNK4099: PDB 'libprotoc.pdb' was not found with 'libprotoc.lib(java_field.obj)' or at 'H:\Pro\protobuf-2.6.1\vsprojects\Release\libprotoc.pdb'; linking object as if no debug info
libprotoc.lib(java_file.obj) : warning LNK4099: PDB 'libprotoc.pdb' was not found with 'libprotoc.lib(java_file.obj)' or at 'H:\Pro\protobuf-2.6.1\vsprojects\Release\libprotoc.pdb'; linking object as if no debug info
libprotoc.lib(java_generator.obj) : warning LNK4099: PDB 'libprotoc.pdb' was not found with 'libprotoc.lib(java_generator.obj)' or at 'H:\Pro\protobuf-2.6.1\vsprojects\Release\libprotoc.pdb'; linking object as if no debug info
libprotoc.lib(java_generator_factory.obj) : warning LNK4099: PDB 'libprotoc.pdb' was not found with 'libprotoc.lib(java_generator_factory.obj)' or at 'H:\Pro\protobuf-2.6.1\vsprojects\Release\libprotoc.pdb'; linking object as if no debug info
libprotoc.lib(java_helpers.obj) : warning LNK4099: PDB 'libprotoc.pdb' was not found with 'libprotoc.lib(java_helpers.obj)' or at 'H:\Pro\protobuf-2.6.1\vsprojects\Release\libprotoc.pdb'; linking object as if no debug info
libprotoc.lib(java_lazy_message_field.obj) : warning LNK4099: PDB 'libprotoc.pdb' was not found with 'libprotoc.lib(java_lazy_message_field.obj)' or at 'H:\Pro\protobuf-2.6.1\vsprojects\Release\libprotoc.pdb'; linking object as if no debug info
libprotoc.lib(java_message.obj) : warning LNK4099: PDB 'libprotoc.pdb' was not found with 'libprotoc.lib(java_message.obj)' or at 'H:\Pro\protobuf-2.6.1\vsprojects\Release\libprotoc.pdb'; linking object as if no debug info
libprotoc.lib(java_message_field.obj) : warning LNK4099: PDB 'libprotoc.pdb' was not found with 'libprotoc.lib(java_message_field.obj)' or at 'H:\Pro\protobuf-2.6.1\vsprojects\Release\libprotoc.pdb'; linking object as if no debug info
libprotoc.lib(java_name_resolver.obj) : warning LNK4099: PDB 'libprotoc.pdb' was not found with 'libprotoc.lib(java_name_resolver.obj)' or at 'H:\Pro\protobuf-2.6.1\vsprojects\Release\libprotoc.pdb'; linking object as if no debug info
libprotoc.lib(java_primitive_field.obj) : warning LNK4099: PDB 'libprotoc.pdb' was not found with 'libprotoc.lib(java_primitive_field.obj)' or at 'H:\Pro\protobuf-2.6.1\vsprojects\Release\libprotoc.pdb'; linking object as if no debug info
libprotoc.lib(java_service.obj) : warning LNK4099: PDB 'libprotoc.pdb' was not found with 'libprotoc.lib(java_service.obj)' or at 'H:\Pro\protobuf-2.6.1\vsprojects\Release\libprotoc.pdb'; linking object as if no debug info
libprotoc.lib(java_shared_code_generator.obj) : warning LNK4099: PDB 'libprotoc.pdb' was not found with 'libprotoc.lib(java_shared_code_generator.obj)' or at 'H:\Pro\protobuf-2.6.1\vsprojects\Release\libprotoc.pdb'; linking object as if no debug info
libprotoc.lib(java_string_field.obj) : warning LNK4099: PDB 'libprotoc.pdb' was not found with 'libprotoc.lib(java_string_field.obj)' or at 'H:\Pro\protobuf-2.6.1\vsprojects\Release\libprotoc.pdb'; linking object as if no debug info
libprotoc.lib(plugin.pb.obj) : warning LNK4099: PDB 'libprotoc.pdb' was not found with 'libprotoc.lib(plugin.pb.obj)' or at 'H:\Pro\protobuf-2.6.1\vsprojects\Release\libprotoc.pdb'; linking object as if no debug info
libprotoc.lib(python_generator.obj) : warning LNK4099: PDB 'libprotoc.pdb' was not found with 'libprotoc.lib(python_generator.obj)' or at 'H:\Pro\protobuf-2.6.1\vsprojects\Release\libprotoc.pdb'; linking object as if no debug info
libprotoc.lib(subprocess.obj) : warning LNK4099: PDB 'libprotoc.pdb' was not found with 'libprotoc.lib(subprocess.obj)' or at 'H:\Pro\protobuf-2.6.1\vsprojects\Release\libprotoc.pdb'; linking object as if no debug info
libprotoc.lib(zip_writer.obj) : warning LNK4099: PDB 'libprotoc.pdb' was not found with 'libprotoc.lib(zip_writer.obj)' or at 'H:\Pro\protobuf-2.6.1\vsprojects\Release\libprotoc.pdb'; linking object as if no debug info
  protoc.vcxproj -> H:\Pro\protobuf-2.6.1\vsprojects\Release\protoc.exe
  protoc.vcxproj -> Release\protoc.pdb (Full PDB)
